[12:12:43] [ServerMain/INFO]: Environment: Environment[sessionHost=https://sessionserver.mojang.com, servicesHost=https://api.minecraftservices.com, name=PROD]
[12:12:45] [ServerMain/INFO]: Loaded 7 recipes
[12:12:45] [ServerMain/INFO]: Loaded 1271 advancements
[12:12:46] [Server thread/INFO]: Starting minecraft server version 1.20.4
[12:12:46] [Server thread/INFO]: Loading properties
[12:12:46] [Server thread/INFO]: Default game type: SURVIVAL
[12:12:46] [Server thread/INFO]: Generating keypair
[12:12:46] [Server thread/INFO]: Starting Minecraft server on *:25565
[12:12:47] [Server thread/INFO]: Using default channel type
[12:12:47] [Server thread/WARN]: **** SERVER IS RUNNING IN OFFLINE/INSECURE MODE!
[12:12:47] [Server thread/WARN]: The server will make no attempt to authenticate usernames. Beware.
[12:12:47] [Server thread/WARN]: While this makes the game possible to play without internet access, it also opens up the ability for hackers to connect with any username they choose.
[12:12:47] [Server thread/WARN]: To change this, set "online-mode" to "true" in the server.properties file.
[12:12:47] [Server thread/INFO]: Preparing level "world"
[12:12:48] [Server thread/INFO]: Preparing start region for dimension minecraft:overworld
[12:12:50] [Worker-Main-12/INFO]: Preparing spawn area: 0%
[12:12:50] [Worker-Main-7/INFO]: Preparing spawn area: 0%
[12:12:50] [Worker-Main-1/INFO]: Preparing spawn area: 0%
[12:12:50] [Worker-Main-1/INFO]: Preparing spawn area: 0%
[12:12:50] [Worker-Main-7/INFO]: Preparing spawn area: 0%
[12:12:50] [Worker-Main-14/INFO]: Preparing spawn area: 0%
[12:12:51] [Worker-Main-7/INFO]: Preparing spawn area: 0%
[12:12:51] [Worker-Main-5/INFO]: Preparing spawn area: 86%
[12:12:51] [Server thread/INFO]: Time elapsed: 3551 ms
[12:12:51] [Server thread/INFO]: Done (4.431s)! For help, type "help"
[12:12:54] [Server thread/INFO]: Lanzaw[/127.0.0.1:13311] logged in with entity id 141 at (122.67915287657365, 52.0, 261.0110199836848)
[12:12:54] [Server thread/INFO]: Lanzaw joined the game
[12:13:05] [Server thread/INFO]: WatcherZJY[/127.0.0.1:13313] logged in with entity id 335 at (638.4879898876928, 77.0, 26.641777108314198)
[12:13:05] [Server thread/INFO]: WatcherZJY joined the game
[12:13:12] [Server thread/INFO]: czczlcz[/127.0.0.1:13314] logged in with entity id 626 at (648.3000000119209, 64.24918707874468, 86.40516746087445)
[12:13:12] [Server thread/INFO]: czczlcz joined the game
[12:13:41] [Server thread/INFO]: Lanzaw lost connection: Disconnected
[12:13:41] [Server thread/INFO]: Lanzaw left the game
[12:17:26] [Server thread/INFO]: WatcherZJY has made the advancement [Enchanter]
[12:28:20] [Server thread/INFO]: [WatcherZJY: Teleported WatcherZJY to 1278.500000, 63.000000, 339.500000]
[12:28:20] [Server thread/WARN]: WatcherZJY moved too quickly! 656.6458684514256,-38.0,406.2126561014051
[12:28:52] [Server thread/INFO]: WatcherZJY has made the advancement [Who is Cutting Onions?]
[12:30:46] [Server thread/INFO]: czczlcz has made the advancement [The Parrots and the Bats]
[12:33:08] [Server thread/INFO]: [WatcherZJY: Teleported WatcherZJY to czczlcz]
[12:40:12] [Server thread/INFO]: [czczlcz: Teleported czczlcz to WatcherZJY]
[12:40:35] [Server thread/INFO]: czczlcz was killed
[12:40:35] [Server thread/INFO]: [czczlcz: Killed czczlcz]
[12:44:48] [Server thread/INFO]: [WatcherZJY: Teleported WatcherZJY to 602.500000, 63.000000, 500.500000]
[12:44:48] [Server thread/WARN]: WatcherZJY moved too quickly! -0.23770422628126653,0.0,426.2649983522791
[12:44:58] [Server thread/WARN]: Can't keep up! Is the server overloaded? Running 9159ms or 183 ticks behind
[12:50:56] [Server thread/INFO]: [WatcherZJY: Teleported WatcherZJY to czczlcz]
[12:59:34] [Server thread/INFO]: WatcherZJY has made the advancement [Hot Stuff]
[12:59:47] [Server thread/INFO]: WatcherZJY has made the advancement [Ice Bucket Challenge]
[13:01:27] [Server thread/INFO]: WatcherZJY burned to death
[13:01:38] [Server thread/INFO]: [WatcherZJY: Teleported WatcherZJY to 582.500000, 2.000000, 68.500000]
[13:13:47] [Server thread/INFO]: Lanzaw[/127.0.0.1:13840] logged in with entity id 15438 at (129.0991161140499, 55.0, 254.6599253364678)
[13:13:47] [Server thread/INFO]: Lanzaw joined the game
[13:16:33] [Server thread/INFO]: [WatcherZJY: Teleported WatcherZJY to 1285.500000, 65.000000, 36.500000]
[13:16:33] [Server thread/WARN]: WatcherZJY moved too quickly! 759.1999999880791,125.0,65.19999998807907
[13:17:08] [Server thread/INFO]: [WatcherZJY: Teleported WatcherZJY to 1265.500000, 65.000000, 336.500000]
[13:17:57] [Server thread/INFO]: Lanzaw has completed the challenge [Return to Sender]
[13:18:40] [Server thread/INFO]: WatcherZJY has made the advancement [We Need to Go Deeper]
[13:19:39] [Server thread/WARN]: Mismatch in destroy block pos: hx{x=635, y=62, z=112} hx{x=635, y=61, z=112}
[13:24:03] [Server thread/INFO]: Lanzaw has made the advancement [Those Were the Days]
[13:24:39] [Server thread/INFO]: czczlcz has made the advancement [A Seedy Place]
[13:24:50] [Server thread/INFO]: WatcherZJY has made the advancement [Hidden in the Depths]
[13:25:42] [Server thread/INFO]: Lanzaw was slain by Piglin Brute
[13:26:11] [Server thread/INFO]: czczlcz lost connection: Disconnected
[13:26:11] [Server thread/INFO]: czczlcz left the game
[13:26:13] [Server thread/INFO]: [Lanzaw: Teleported Lanzaw to WatcherZJY]
[13:27:00] [Server thread/INFO]: czczlcz[/127.0.0.1:13917] logged in with entity id 21588 at (640.2498720969044, 70.0, 10.967952215643422)
[13:27:00] [Server thread/INFO]: czczlcz joined the game
[13:37:38] [Server thread/INFO]: Lanzaw has made the advancement [War Pigs]
[13:38:39] [Server thread/INFO]: Lanzaw was slain by Hoglin
[13:39:04] [Server thread/INFO]: Lanzaw lost connection: Timed out
[13:39:04] [Server thread/INFO]: Lanzaw left the game
[13:39:20] [Server thread/INFO]: Lanzaw[/127.0.0.1:13980] logged in with entity id 27133 at (646.6777541260271, 81.0, 60.476907249570665)
[13:39:20] [Server thread/INFO]: Lanzaw joined the game
[13:39:44] [Server thread/INFO]: [Lanzaw: Teleported Lanzaw to 1285.500000, 65.000000, 336.500000]
[13:39:44] [Server thread/WARN]: Lanzaw moved too quickly! 638.838846077966,-17.0,273.44695754587985
[13:39:44] [Server thread/WARN]: Lanzaw moved too quickly! 638.838846077966,-17.0,273.44695754587985
[13:40:37] [Server thread/INFO]: lemoeJuice[/127.0.0.1:13986] logged in with entity id 27876 at (-11.5, 73.0, -40.5)
[13:40:37] [Server thread/INFO]: lemoeJuice joined the game
[13:40:59] [Server thread/WARN]: WatcherZJY moved wrongly!
[13:41:05] [Server thread/INFO]: lemoeJuice lost connection: Disconnected
[13:41:05] [Server thread/INFO]: lemoeJuice left the game
[13:41:09] [Server thread/INFO]: WatcherZJY tried to swim in lava
[13:50:18] [Server thread/INFO]: Lanzaw was slain by Piglin
[13:50:23] [Server thread/INFO]: [Lanzaw: Teleported Lanzaw to 1285.500000, 65.000000, 336.500000]
[13:50:28] [Server thread/INFO]: [Lanzaw: Teleported Lanzaw to 1285.500000, 65.000000, 336.500000]
[13:50:41] [Server thread/INFO]: lemoeJuice[/127.0.0.1:14086] logged in with entity id 31370 at (-11.5, 73.0, -40.5)
[13:50:41] [Server thread/INFO]: lemoeJuice joined the game
[13:50:48] [Server thread/INFO]: [Lanzaw: Teleported Lanzaw to czczlcz]
[13:51:04] [Server thread/INFO]: lemoeJuice lost connection: Disconnected
[13:51:04] [Server thread/INFO]: lemoeJuice left the game
[13:51:07] [Server thread/INFO]: Lanzaw lost connection: Disconnected
[13:51:07] [Server thread/INFO]: Lanzaw left the game
[13:51:15] [Server thread/INFO]: Lanzaw[/127.0.0.1:14093] logged in with entity id 31571 at (640.6840574667197, 62.9375, 115.51499325333194)
[13:51:15] [Server thread/INFO]: Lanzaw joined the game
[13:51:56] [Server thread/INFO]: Lanzaw was killed
[13:51:56] [Server thread/INFO]: [Lanzaw: Killed Lanzaw]
[13:51:59] [Server thread/WARN]: Lanzaw moved too quickly! 1.1645947175344418,7.0,-114.85541556173705
[13:59:43] [Server thread/INFO]: [Lanzaw: Teleported Lanzaw to 1285.500000, 65.000000, 336.500000]
[13:59:43] [Server thread/WARN]: Lanzaw moved too quickly! 652.8875166207641,-7.0,317.80000001192093
[13:59:43] [Server thread/WARN]: Lanzaw moved too quickly! 652.8875166207641,-7.0,317.80000001192093
[14:00:11] [Server thread/INFO]: Lanzaw lost connection: Disconnected
[14:00:11] [Server thread/INFO]: Lanzaw left the game
[14:01:19] [Server thread/INFO]: Saving the game (this may take a moment!)
[14:01:19] [Server thread/INFO]: Saved the game
[14:01:25] [Server thread/INFO]: Stopping the server
[14:01:25] [Server thread/INFO]: Stopping server
[14:01:25] [Server thread/INFO]: Saving players
[14:01:25] [Server thread/INFO]: czczlcz lost connection: Server closed
[14:01:25] [Server thread/INFO]: czczlcz left the game
[14:01:25] [Server thread/INFO]: Saving worlds
[14:01:25] [Server thread/INFO]: Saving chunks for level 'ServerLevel[world]'/minecraft:overworld
[14:01:26] [Server thread/INFO]: Saving chunks for level 'ServerLevel[world]'/minecraft:the_nether
[14:01:26] [Server thread/INFO]: Saving chunks for level 'ServerLevel[world]'/minecraft:the_end
[14:01:26] [Server thread/INFO]: ThreadedAnvilChunkStorage (world): All chunks are saved
[14:01:26] [Server thread/INFO]: ThreadedAnvilChunkStorage (DIM-1): All chunks are saved
[14:01:26] [Server thread/INFO]: ThreadedAnvilChunkStorage (DIM1): All chunks are saved
[14:01:26] [Server thread/INFO]: ThreadedAnvilChunkStorage: All dimensions are saved
